[12345<-50344] JOIN 6667
[New Dstore 6667 12345<-50344]
[12345<-50350] JOIN 6666
[New Dstore 6666 12345<-50350]
[12345->50350] LIST
[12345->50344] LIST
[12345<-50344] LIST
[12345<-50350] LIST
[12345->50350] LIST
[12345<-50350] LIST
[12345->50344] LIST
[12345<-50344] LIST
[12345<-50355] STORE a 2
[12345->50355] STORE_TO 6667 6666
[12345<-50355] STORE b 2
[12345->50355] STORE_TO 6667 6666
[12345<-50350] STORE_ACK a
[12345<-50350] STORE_ACK b
[12345<-50344] STORE_ACK a
[12345->50355] STORE_COMPLETE
[12345<-50344] STORE_ACK b
[12345->50355] STORE_COMPLETE
[12345->50350] LIST
[12345<-50350] LIST a b
[12345<-50344] LIST a b
[12345->50344] LIST
[12345<-50355] LIST
[12345->50355] LIST a b
[12345<-50355] REMOVE a
[12345->50350] REMOVE a
[12345->50344] REMOVE a
[12345<-50350] REMOVE_ACK a
[12345<-50344] REMOVE_ACK a
[12345->50355] REMOVE_COMPLETE
[12345<-50355] LIST
[12345->50355] LIST b
[12345<-50355] LOAD a
[12345->50355] ERROR_FILE_DOES_NOT_EXIST
[12345<-50355] LOAD b
[12345->50355] LOAD_FROM 6666 2
[12345<-50355] LIST
[12345->50355] LIST b
[12345->50350] LIST
[12345<-50350] LIST b
[12345->50344] LIST
[12345<-50344] LIST b
[12345->50350] LIST
[12345->50344] LIST
[12345<-50350] LIST b
[12345<-50344] LIST b
[12345<-50355] LIST 
[12345->50355] LIST b
[12345<-50355] STORE a 2
[12345->50355] STORE_TO 6666 6667
[12345<-50355] LIST
[12345->50355] LIST b
[12345<-50355] STORE c 2
[12345->50355] STORE_TO 6666 6667
