[12345<-50391] JOIN 6666
[New Dstore 6666 12345<-50391]
[12345<-50397] JOIN 6667
[New Dstore 6667 12345<-50397]
[12345->50397] LIST
[12345->50391] LIST
[12345<-50391] LIST
[12345<-50397] LIST
[12345<-50402] STORE a 2
[12345->50402] STORE_TO 6667 6666
[12345<-50402] STORE b 2
[12345->50402] STORE_TO 6667 6666
[12345<-50391] STORE_ACK a
[12345<-50391] STORE_ACK b
[12345<-50397] STORE_ACK a
[12345->50402] STORE_COMPLETE
[12345<-50397] STORE_ACK b
[12345->50402] STORE_COMPLETE
[12345->50397] LIST
[12345<-50397] LIST a b
[12345->50391] LIST
[12345<-50391] LIST a b
[12345<-50402] LIST
[12345->50402] LIST a b
[12345->50397] LIST
[12345->50391] LIST
[12345<-50397] LIST a b
[12345<-50391] LIST a b
[12345->50397] LIST
[12345<-50397] LIST a b
[12345->50391] LIST
[12345<-50391] LIST a b
[12345->50397] LIST
[12345<-50397] LIST a b
[12345->50391] LIST
[12345<-50391] LIST a b
[12345->50397] LIST
[12345->50391] LIST
[12345<-50397] LIST a b
[12345<-50391] LIST a b
[12345->50397] LIST
[12345<-50397] LIST a b
[12345->50391] LIST
[12345<-50391] LIST a b
[12345->50397] LIST
[12345<-50397] LIST a b
[12345->50391] LIST
[12345<-50391] LIST a b
[12345->50397] LIST
[12345->50391] LIST
[12345<-50397] LIST a b
[12345<-50391] LIST a b
[12345->50397] LIST
[12345<-50397] LIST a b
[12345->50391] LIST
[12345<-50391] LIST a b
[12345->50397] LIST
[12345->50391] LIST
[12345<-50397] LIST a b
[12345<-50391] LIST a b
[12345->50397] LIST
[12345->50391] LIST
[12345<-50397] LIST a b
[12345<-50391] LIST a b
[12345->50397] LIST
[12345<-50397] LIST a b
[12345->50391] LIST
[12345<-50391] LIST a b
[12345->50397] LIST
[12345->50391] LIST
[12345<-50397] LIST a b
[12345<-50391] LIST a b
[12345->50397] LIST
[12345->50391] LIST
[12345<-50397] LIST a b
[12345<-50391] LIST a b
[12345->50397] LIST
[12345->50391] LIST
[12345<-50391] LIST a b
[12345<-50397] LIST a b
[12345->50397] LIST
[12345<-50397] LIST a b
[12345->50391] LIST
[12345<-50391] LIST a b
[12345->50397] LIST
[12345<-50397] LIST a b
[12345->50391] LIST
[12345<-50391] LIST a b
