[12345<-50433] JOIN 6666
[New Dstore 6666 12345<-50433]
[12345<-50439] JOIN 6667
[New Dstore 6667 12345<-50439]
[12345<-50443] STORE a 2
[12345->50443] STORE_TO 6666 6667
[12345<-50443] STORE b 2
[12345->50443] STORE_TO 6666 6667
[12345<-50433] STORE_ACK a
[12345<-50433] STORE_ACK b
[12345<-50439] STORE_ACK a
[12345->50443] STORE_COMPLETE
[12345<-50439] STORE_ACK b
[12345->50443] STORE_COMPLETE
[12345<-50443] LIST
[12345->50443] LIST a b
[12345<-50443] REMOVE b
[12345->50439] REMOVE b
[12345->50433] REMOVE b
[12345<-50439] REMOVE_ACK b
[12345<-50433] REMOVE_ACK b
[12345->50443] REMOVE_COMPLETE
[12345<-50449] JOIN 6668
[New Dstore 6668 12345<-50449]
[12345<-50443] STORE c 2
[12345->50443] STORE_TO 6668 6667
[12345<-50439] STORE_ACK c
[12345<-50449] STORE_ACK c
[12345->50443] STORE_COMPLETE
[12345<-50443] LIST
[12345->50443] LIST a c
[12345<-50443] RELOAD
[12345<-50443] LIST
[12345->50443] LIST a c
