[50397->12345] JOIN 6667
[50397<-12345] LIST
[50397->12345] LIST
[6667<-50404] STORE a 2
[6667->50404] ACK
[50397->12345] STORE_ACK a
[6667<-50404] 
[6667<-50404] STORE b 2
[6667->50404] ACK
[50397->12345] STORE_ACK b
[6667<-50404] 
[50397<-12345] LIST
[50397->12345] LIST a b
[50397<-12345] LIST
[50397->12345] LIST a b
[50397<-12345] LIST
[50397->12345] LIST a b
[50397<-12345] LIST
[50397->12345] LIST a b
[50397<-12345] LIST
[50397->12345] LIST a b
[50397<-12345] LIST
[50397->12345] LIST a b
[50397<-12345] LIST
[50397->12345] LIST a b
[50397<-12345] LIST
[50397->12345] LIST a b
[50397<-12345] LIST
[50397->12345] LIST a b
[50397<-12345] LIST
[50397->12345] LIST a b
[50397<-12345] LIST
[50397->12345] LIST a b
[50397<-12345] LIST
[50397->12345] LIST a b
[50397<-12345] LIST
[50397->12345] LIST a b
[50397<-12345] LIST
[50397->12345] LIST a b
[50397<-12345] LIST
[50397->12345] LIST a b
[50397<-12345] LIST
[50397->12345] LIST a b
[50397<-12345] LIST
[50397->12345] LIST a b
