[50391->12345] JOIN 6666
[50391<-12345] LIST
[50391->12345] LIST
[6666<-50403] STORE a 2
[6666->50403] ACK
[50391->12345] STORE_ACK a
[6666<-50403] 
[6666<-50403] STORE b 2
[6666->50403] ACK
[50391->12345] STORE_ACK b
[6666<-50403] 
[50391<-12345] LIST
[50391->12345] LIST a b
[50391<-12345] LIST
[50391->12345] LIST a b
[50391<-12345] LIST
[50391->12345] LIST a b
[50391<-12345] LIST
[50391->12345] LIST a b
[50391<-12345] LIST
[50391->12345] LIST a b
[50391<-12345] LIST
[50391->12345] LIST a b
[50391<-12345] LIST
[50391->12345] LIST a b
[50391<-12345] LIST
[50391->12345] LIST a b
[50391<-12345] LIST
[50391->12345] LIST a b
[50391<-12345] LIST
[50391->12345] LIST a b
[50391<-12345] LIST
[50391->12345] LIST a b
[50391<-12345] LIST
[50391->12345] LIST a b
[50391<-12345] LIST
[50391->12345] LIST a b
[50391<-12345] LIST
[50391->12345] LIST a b
[50391<-12345] LIST
[50391->12345] LIST a b
[50391<-12345] LIST
[50391->12345] LIST a b
[50391<-12345] LIST
[50391->12345] LIST a b
